ERROR VERIFICATION CONFIGURATOR ; 

[*] Exécution: wazuh_configurator.py check
============================================================
Traceback (most recent call last):
  File "/home/wazuh/Downloads/wazuh-install-main/wazuh_configurator.py", line 10, in <module>
    from wazuh_configurator.strategies import (
    ...<5 lines>...
    )
  File "/home/wazuh/Downloads/wazuh-install-main/wazuh_configurator/__init__.py", line 6, in <module>
    from .core.config_manager import ConfigManager
  File "/home/wazuh/Downloads/wazuh-install-main/wazuh_configurator/core/__init__.py", line 5, in <module>
    from .config_manager import ConfigManager
  File "/home/wazuh/Downloads/wazuh-install-main/wazuh_configurator/core/config_manager.py", line 10, in <module>
    from ..utils.ssh_client import SSHClient, SSHCredentials
  File "/home/wazuh/Downloads/wazuh-install-main/wazuh_configurator/utils/ssh_client.py", line 6, in <module>
    import paramiko
ModuleNotFoundError: No module named 'paramiko'

[+] Code de retour: 1

Appuyez sur Entrée pour continuer...

=========================================================
Traceback (most recent call last):
  File "/home/wazuh/Downloads/wazuh-install-main/wazuh_configurator.py", line 10, in <module>
    from wazuh_configurator.strategies import (
    ...<5 lines>...
    )
  File "/home/wazuh/Downloads/wazuh-install-main/wazuh_configurator/__init__.py", line 6, in <module>
    from .core.config_manager import ConfigManager
  File "/home/wazuh/Downloads/wazuh-install-main/wazuh_configurator/core/__init__.py", line 5, in <module>
    from .config_manager import ConfigManager
  File "/home/wazuh/Downloads/wazuh-install-main/wazuh_configurator/core/config_manager.py", line 10, in <module>
    from ..utils.ssh_client import SSHClient, SSHCredentials
  File "/home/wazuh/Downloads/wazuh-install-main/wazuh_configurator/utils/ssh_client.py", line 6, in <module>
    import paramiko
ModuleNotFoundError: No module named 'paramiko'

[+] Code de retour: 1

Appuyez sur Entrée pour continuer...


 ██████╗ ██████╗ ███████╗██████╗
██╔════╝██╔═══██╗██╔════╝██╔══██╗
██║     ██║   ██║█████╗  ██║  ██║
██║     ██║   ██║██╔══╝  ██║  ██║
╚██████╗╚██████╔╝███████╗██████╔╝
 ╚═════╝ ╚═════╝ ╚══════╝╚═════╝

    Configurator v1.0 - Advanced Configuration Management
    By VulneZe - github.com/VulneZe/wazuh-install
    ====================================================

2026-04-16 17:42:59 - wazuh_configurator.core.config_manager - INFO - Initialisation du gestionnaire de configuration...
2026-04-16 17:42:59 - wazuh_configurator.core.wazuh_detector - INFO - [*] Detection de l'installation Wazuh...
2026-04-16 17:42:59 - wazuh_configurator.core.wazuh_detector - INFO - [+] Wazuh détecté dans: /var/ossec
2026-04-16 17:42:59 - wazuh_configurator.core.wazuh_detector - INFO - [+] Version Wazuh: Unknown
2026-04-16 17:42:59 - wazuh_configurator.core.wazuh_detector - INFO - [+] Composants détectés: ['indexer', 'manager', 'dashboard']
2026-04-16 17:42:59 - wazuh_configurator.core.config_manager - INFO - Gestionnaire de configuration initialisé
2026-04-16 17:42:59 - wazuh_configurator.core.config_manager - INFO - Configurator 'security' enregistré
Traceback (most recent call last):
  File "/home/wazuh/Downloads/wazuh-install-main/wazuh_configurator.py", line 264, in <module>
    main()
    ~~~~^^
  File "/home/wazuh/Downloads/wazuh-install-main/wazuh_configurator.py", line 182, in main
    config_manager.register_configurator('performance', PerformanceConfigurator(wazuh_path=args.wazuh_path))
                                                        ~~~~~~~~~~~~~~~~~~~~~~~^^^^^^^^^^^^^^^^^^^^^^^^^^^^
  File "/home/wazuh/Downloads/wazuh-install-main/wazuh_configurator/strategies/performance_configurator.py", line 28, in __init__
    self.system_memory = self._get_system_memory()
                         ~~~~~~~~~~~~~~~~~~~~~~~^^
  File "/home/wazuh/Downloads/wazuh-install-main/wazuh_configurator/strategies/performance_configurator.py", line 135, in _get_system_memory
    match = re.search(r"MemTotal:\s+(\d+)", meminfo)
            ^^
NameError: name 're' is not defined. Did you forget to import 're'?

[+] Code de retour: 1

Appuyez sur Entrée pour continuer...




 ██████╗ ██████╗ ███████╗██████╗
██╔════╝██╔═══██╗██╔════╝██╔══██╗
██║     ██║   ██║█████╗  ██║  ██║
██║     ██║   ██║██╔══╝  ██║  ██║
╚██████╗╚██████╔╝███████╗██████╔╝
 ╚═════╝ ╚═════╝ ╚══════╝╚═════╝

    Configurator v1.0 - Advanced Configuration Management
    By VulneZe - github.com/VulneZe/wazuh-install
    ====================================================

2026-04-16 17:43:23 - wazuh_configurator.core.config_manager - INFO - Initialisation du gestionnaire de configuration...
2026-04-16 17:43:23 - wazuh_configurator.core.wazuh_detector - INFO - [*] Detection de l'installation Wazuh...
2026-04-16 17:43:23 - wazuh_configurator.core.wazuh_detector - INFO - [+] Wazuh détecté dans: /var/ossec
2026-04-16 17:43:23 - wazuh_configurator.core.wazuh_detector - INFO - [+] Version Wazuh: Unknown
2026-04-16 17:43:23 - wazuh_configurator.core.wazuh_detector - INFO - [+] Composants détectés: ['indexer', 'manager', 'dashboard']
2026-04-16 17:43:23 - wazuh_configurator.core.config_manager - INFO - Gestionnaire de configuration initialisé
2026-04-16 17:43:23 - wazuh_configurator.core.config_manager - INFO - Configurator 'security' enregistré
Traceback (most recent call last):
  File "/home/wazuh/Downloads/wazuh-install-main/wazuh_configurator.py", line 264, in <module>
    main()
    ~~~~^^
  File "/home/wazuh/Downloads/wazuh-install-main/wazuh_configurator.py", line 182, in main
    config_manager.register_configurator('performance', PerformanceConfigurator(wazuh_path=args.wazuh_path))
                                                        ~~~~~~~~~~~~~~~~~~~~~~~^^^^^^^^^^^^^^^^^^^^^^^^^^^^
  File "/home/wazuh/Downloads/wazuh-install-main/wazuh_configurator/strategies/performance_configurator.py", line 28, in __init__
    self.system_memory = self._get_system_memory()
                         ~~~~~~~~~~~~~~~~~~~~~~~^^
  File "/home/wazuh/Downloads/wazuh-install-main/wazuh_configurator/strategies/performance_configurator.py", line 135, in _get_system_memory
    match = re.search(r"MemTotal:\s+(\d+)", meminfo)
            ^^
NameError: name 're' is not defined. Did you forget to import 're'?

[+] Code de retour: 1

Appuyez sur Entrée pour continuer...















